
> hydra-beauty@0.1.0 build
> next build

▲ Next.js 16.2.6 (Turbopack)
- Environments: .env.local, .env

⚠ The "middleware" file convention is deprecated. Please use "proxy" instead. Learn more: https://nextjs.org/docs/messages/middleware-to-proxy
  Creating an optimized production build ...

> Build error occurred
Error: Turbopack build failed with 1 errors:
./app/admin/services/[id]/page.tsx:4:1
Module not found: Can't resolve './EditServiceForm'
  [90m2 |[0m [36mimport[0m { connectDB } [36mfrom[0m [32m"@/lib/mongodb"[0m;
  [90m3 |[0m [36mimport[0m { [33mService[0m } [36mfrom[0m [32m"@/models/Service"[0m;
[31m[1m>[0m [90m4 |[0m [36mimport[0m [33mEditServiceForm[0m [36mfrom[0m [32m"./EditServiceForm"[0m;
  [90m  |[0m [31m[1m^^^^^^^^^^^^^^^^^^^^^^^^^^^^^^^^^^^^^^^^^^^^^^^^[0m
  [90m5 |[0m
  [90m6 |[0m
  [90m7 |[0m



https://nextjs.org/docs/messages/module-not-found


    at <unknown> (./app/admin/services/[id]/page.tsx:4:1)
    at <unknown> (https://nextjs.org/docs/messages/module-not-found)
